[LOG] System::create                           : Header version = 2.01.09. Current version = 2.01.09.
[LOG] Manager::init                            : maxchannels = 256 studioflags = 00000006 flags 00000000 extradriverdata 0000000000000000.
[LOG] SystemI::init                            : Initialize version=20109 (115889), maxchannels=256, flags=0x00020000
[LOG] SystemI::setOutputInternal               : Setting output to 'FMOD WASAPI Output'
[LOG] OutputWASAPI::init                       : Mix Format (WAVEFORMATEX): wFormatTag=0xFFFE, nChannels=2, nSamplesPerSec=48000, nAvgBytesPerSec=384000, nBlockAlign=8, wBitsPerSample=32, cbSize=22.
[LOG] OutputWASAPI::init                       : Mix Format (WAVEFORMATEXTENSIBLE): wValidBitsPerSample=32, dwChannelMask=0x00000003, SubFormat=00000003-0000-0010-8000-00AA00389B71.
[LOG] OutputWASAPI::init                       : Output buffer size: 4096 samples, latency: 0.00ms, period: 10.00ms, DSP buffer: 1024 * 4
[LOG] Thread::initThread                       : Init FMOD stream thread. Affinity: 0x8000000000000003, Priority: 0xFFFF7FFB, Stack Size: 98304, Semaphore: No, Sleep Time: 10, Looping: Yes.
[LOG] Thread::initThread                       : Init FMOD mixer thread. Affinity: 0x8000000000000001, Priority: 0xFFFF7FFA, Stack Size: 81920, Semaphore: No, Sleep Time: 0, Looping: Yes.
[LOG] AsyncManager::init                       : manager 0000013995BC11B8 isAsync 0 updatePeriod 0.02
[LOG] AsyncManager::init                       : done
[LOG] PlaybackSystem::init                     : 
[LOG] Thread::initThread                       : Init FMOD Studio sample load thread. Affinity: 0x8000000000000003, Priority: 0xFFFF7FFD, Stack Size: 98304, Semaphore: No, Sleep Time: 1, Looping: No.
[LOG] PlaybackSystem::init                     : done
[LOG] Thread::initThread                       : Init FMOD Studio bank load thread. Affinity: 0x8000000000000003, Priority: 0xFFFF7FFD, Stack Size: 98304, Semaphore: No, Sleep Time: 1, Looping: No.
[LOG] Manager::init                            : done.
[LOG] Manager::readBank                        : fileversion = 135, compatVersion = 132 (oldest = 44, newest = 135)
[LOG] Manager::readBank                        : fileversion = 135, compatVersion = 132 (oldest = 44, newest = 135)
[LOG] Manager::readBank                        : fileversion = 135, compatVersion = 132 (oldest = 44, newest = 135)
[LOG] Manager::readBank                        : fileversion = 135, compatVersion = 132 (oldest = 44, newest = 135)
[LOG] SystemI::createSound                     : filename = ../FMOD_gamejam/fmod project/game_jam/Build\Desktop/ambiance.bank : mode 02010082
[LOG] SystemI::createSound                     : FMOD_NONBLOCKING specified.  Putting into queue to be opened asynchronously!
[LOG] SystemI::createSound                     : setdata soundi = 00000139294B6BD8 : node = 00000139918A8320
[LOG] SystemI::createSound                     : add node to async list : head = 0000013995AF0628.  list count = 0
[LOG] AsyncThread::threadFunc                  : Starting Asynchronous operation on sound 00000139294B6BD8
[LOG] SystemI::createSoundInternal             :     Create name='../FMOD_gamejam/fmod project/game_jam/Build\Desktop/ambiance.bank', mode=0x02010082
[LOG] SystemI::createSoundInternal             :     exinfo->cbsize             = 224
[LOG] SystemI::createSoundInternal             :     exinfo->length             = 3368352
[LOG] SystemI::createSoundInternal             :     exinfo->fileoffset         = 5312
[LOG] SystemI::createSoundInternal             :     exinfo->numsubsounds       = 1
[LOG] SystemI::createSoundInternal             :     exinfo->inclusionlist      = 00000139918A8430
[LOG] SystemI::createSoundInternal             :     exinfo->inclusionlistnum   = 1
[LOG] SystemI::createSoundInternal             :     exinfo->suggestedsoundtype = 5
[LOG] SystemI::createSoundInternal             :     exinfo->initialseekpostype = 1
[LOG] SystemI::createSoundInternal             :     Stream 0/1: name='fire_ambiance_02', format=5, channels=2, frequency=48000, lengthbytes=598400, lengthpcm=643200, pcmblocksize=0, loopstart=0, loopend=0, mode=0x00000000, channelmask=0x00000000, channelorder=0, peakvolume=0.640381.
[LOG] AsyncThread::threadFunc                  : Finished Asynchronous operation on sound 00000139294B6BD8
[LOG] SystemI::createSound                     : filename = ../FMOD_gamejam/fmod project/game_jam/Build\Desktop/ambiance.bank : mode 02010082
[LOG] SystemI::createSound                     : FMOD_NONBLOCKING specified.  Putting into queue to be opened asynchronously!
[LOG] SystemI::createSound                     : setdata soundi = 00000139294B9608 : node = 00000139918A9720
[LOG] SystemI::createSound                     : add node to async list : head = 0000013995AF0628.  list count = 0
[LOG] AsyncThread::threadFunc                  : Starting Asynchronous operation on sound 00000139294B9608
[LOG] SystemI::createSoundInternal             :     Create name='../FMOD_gamejam/fmod project/game_jam/Build\Desktop/ambiance.bank', mode=0x02010082
[LOG] SystemI::createSoundInternal             :     exinfo->cbsize             = 224
[LOG] SystemI::createSoundInternal             :     exinfo->length             = 3368352
[LOG] SystemI::createSoundInternal             :     exinfo->fileoffset         = 5312
[LOG] SystemI::createSoundInternal             :     exinfo->numsubsounds       = 1
[LOG] SystemI::createSoundInternal             :     exinfo->inclusionlist      = 00000139918A9830
[LOG] SystemI::createSoundInternal             :     exinfo->inclusionlistnum   = 1
[LOG] SystemI::createSoundInternal             :     exinfo->suggestedsoundtype = 5
[LOG] SystemI::createSoundInternal             :     exinfo->initialseekpostype = 1
[LOG] SystemI::createSoundInternal             :     Stream 0/1: name='wind_ambiance_03', format=5, channels=2, frequency=48000, lengthbytes=517600, lengthpcm=672960, pcmblocksize=0, loopstart=0, loopend=0, mode=0x00000000, channelmask=0x00000000, channelorder=0, peakvolume=0.080688.
[LOG] AsyncThread::threadFunc                  : Finished Asynchronous operation on sound 00000139294B9608
[LOG] SystemI::createSound                     : filename = ../FMOD_gamejam/fmod project/game_jam/Build\Desktop/ambiance.bank : mode 02010082
[LOG] SystemI::createSound                     : FMOD_NONBLOCKING specified.  Putting into queue to be opened asynchronously!
[LOG] SystemI::createSound                     : setdata soundi = 00000139294B6D88 : node = 00000138C378B8B0
[LOG] SystemI::createSound                     : add node to async list : head = 0000013995AF0628.  list count = 0
[LOG] AsyncThread::threadFunc                  : Starting Asynchronous operation on sound 00000139294B6D88
[LOG] SystemI::createSoundInternal             :     Create name='../FMOD_gamejam/fmod project/game_jam/Build\Desktop/ambiance.bank', mode=0x02010082
[LOG] SystemI::createSoundInternal             :     exinfo->cbsize             = 224
[LOG] SystemI::createSoundInternal             :     exinfo->length             = 3368352
[LOG] SystemI::createSoundInternal             :     exinfo->fileoffset         = 5312
[LOG] SystemI::createSoundInternal             :     exinfo->numsubsounds       = 1
[LOG] SystemI::createSoundInternal             :     exinfo->inclusionlist      = 00000138C378B9C0
[LOG] SystemI::createSoundInternal             :     exinfo->inclusionlistnum   = 1
[LOG] SystemI::createSoundInternal             :     exinfo->suggestedsoundtype = 5
[LOG] SystemI::createSoundInternal             :     exinfo->initialseekpostype = 1
[LOG] SystemI::createSoundInternal             :     Stream 0/1: name='fire_ambiance_01', format=5, channels=2, frequency=48000, lengthbytes=604192, lengthpcm=626880, pcmblocksize=0, loopstart=0, loopend=0, mode=0x00000000, channelmask=0x00000000, channelorder=0, peakvolume=0.422516.
[LOG] AsyncThread::threadFunc                  : Finished Asynchronous operation on sound 00000139294B6D88
[LOG] SystemI::createSound                     : filename = ../FMOD_gamejam/fmod project/game_jam/Build\Desktop/ambiance.bank : mode 02010082
[LOG] SystemI::createSound                     : FMOD_NONBLOCKING specified.  Putting into queue to be opened asynchronously!
[LOG] SystemI::createSound                     : setdata soundi = 00000139294B8F48 : node = 0000013991F7A8B0
[LOG] SystemI::createSound                     : add node to async list : head = 0000013995AF0628.  list count = 0
[LOG] AsyncThread::threadFunc                  : Starting Asynchronous operation on sound 00000139294B8F48
[LOG] SystemI::createSoundInternal             :     Create name='../FMOD_gamejam/fmod project/game_jam/Build\Desktop/ambiance.bank', mode=0x02010082
[LOG] SystemI::createSoundInternal             :     exinfo->cbsize             = 224
[LOG] SystemI::createSoundInternal             :     exinfo->length             = 3368352
[LOG] SystemI::createSoundInternal             :     exinfo->fileoffset         = 5312
[LOG] SystemI::createSoundInternal             :     exinfo->numsubsounds       = 1
[LOG] SystemI::createSoundInternal             :     exinfo->inclusionlist      = 0000013991F7A9C0
[LOG] SystemI::createSoundInternal             :     exinfo->inclusionlistnum   = 1
[LOG] SystemI::createSoundInternal             :     exinfo->suggestedsoundtype = 5
[LOG] SystemI::createSoundInternal             :     exinfo->initialseekpostype = 1
[LOG] SystemI::createSoundInternal             :     Stream 0/1: name='wind_ambiance_01', format=5, channels=2, frequency=48000, lengthbytes=520928, lengthpcm=670080, pcmblocksize=0, loopstart=0, loopend=0, mode=0x00000000, channelmask=0x00000000, channelorder=0, peakvolume=0.090149.
[LOG] AsyncThread::threadFunc                  : Finished Asynchronous operation on sound 00000139294B8F48
[LOG] SystemI::createSound                     : filename = ../FMOD_gamejam/fmod project/game_jam/Build\Desktop/ambiance.bank : mode 02010082
[LOG] SystemI::createSound                     : FMOD_NONBLOCKING specified.  Putting into queue to be opened asynchronously!
[LOG] SystemI::createSound                     : setdata soundi = 00000139294B8528 : node = 0000013991F7A9F0
[LOG] SystemI::createSound                     : add node to async list : head = 0000013995AF0628.  list count = 0
[LOG] AsyncThread::threadFunc                  : Starting Asynchronous operation on sound 00000139294B8528
[LOG] SystemI::createSoundInternal             :     Create name='../FMOD_gamejam/fmod project/game_jam/Build\Desktop/ambiance.bank', mode=0x02010082
[LOG] SystemI::createSoundInternal             :     exinfo->cbsize             = 224
[LOG] SystemI::createSoundInternal             :     exinfo->length             = 3368352
[LOG] SystemI::createSoundInternal             :     exinfo->fileoffset         = 5312
[LOG] SystemI::createSoundInternal             :     exinfo->numsubsounds       = 1
[LOG] SystemI::createSoundInternal             :     exinfo->inclusionlist      = 0000013991F7AB00
[LOG] SystemI::createSoundInternal             :     exinfo->inclusionlistnum   = 1
[LOG] SystemI::createSoundInternal             :     exinfo->suggestedsoundtype = 5
[LOG] SystemI::createSoundInternal             :     exinfo->initialseekpostype = 1
[LOG] SystemI::createSoundInternal             :     Stream 0/1: name='wind_ambiance_02', format=5, channels=2, frequency=48000, lengthbytes=518208, lengthpcm=683520, pcmblocksize=0, loopstart=0, loopend=0, mode=0x00000000, channelmask=0x00000000, channelorder=0, peakvolume=0.113556.
[LOG] AsyncThread::threadFunc                  : Finished Asynchronous operation on sound 00000139294B8528
[LOG] AsyncThread::threadFunc                  : Starting Asynchronous operation on sound 0000013977B80818
[LOG] AsyncThread::threadFunc                  : Finished Asynchronous operation on sound 0000013977B80818
[LOG] AsyncThread::threadFunc                  : Starting Asynchronous operation on sound 00000139294B50D8
[LOG] AsyncThread::threadFunc                  : Finished Asynchronous operation on sound 00000139294B50D8
[LOG] AsyncThread::threadFunc                  : Starting Asynchronous operation on sound 00000139294B8888
[LOG] AsyncThread::threadFunc                  : Finished Asynchronous operation on sound 00000139294B8888
[LOG] SystemI::createSound                     : filename = ../FMOD_gamejam/fmod project/game_jam/Build\Desktop/ambiance.bank : mode 02010082
[LOG] SystemI::createSound                     : FMOD_NONBLOCKING specified.  Putting into queue to be opened asynchronously!
[LOG] SystemI::createSound                     : setdata soundi = 00000139294B8018 : node = 00000138C378B9F0
[LOG] SystemI::createSound                     : add node to async list : head = 0000013995AF0628.  list count = 0
[LOG] AsyncThread::threadFunc                  : Starting Asynchronous operation on sound 00000139294B8018
[LOG] SystemI::createSoundInternal             :     Create name='../FMOD_gamejam/fmod project/game_jam/Build\Desktop/ambiance.bank', mode=0x02010082
[LOG] SystemI::createSoundInternal             :     exinfo->cbsize             = 224
[LOG] SystemI::createSoundInternal             :     exinfo->length             = 3368352
[LOG] SystemI::createSoundInternal             :     exinfo->fileoffset         = 5312
[LOG] SystemI::createSoundInternal             :     exinfo->numsubsounds       = 1
[LOG] SystemI::createSoundInternal             :     exinfo->inclusionlist      = 00000138C378BB00
[LOG] SystemI::createSoundInternal             :     exinfo->inclusionlistnum   = 1
[LOG] SystemI::createSoundInternal             :     exinfo->suggestedsoundtype = 5
[LOG] SystemI::createSoundInternal             :     exinfo->initialseekpostype = 1
[LOG] SystemI::createSoundInternal             :     Stream 0/1: name='fire_ambiance_03', format=5, channels=2, frequency=48000, lengthbytes=608000, lengthpcm=635040, pcmblocksize=0, loopstart=0, loopend=0, mode=0x00000000, channelmask=0x00000000, channelorder=0, peakvolume=0.697357.
[LOG] AsyncThread::threadFunc                  : Finished Asynchronous operation on sound 00000139294B8018
[LOG] SystemI::createSound                     : filename = ../FMOD_gamejam/fmod project/game_jam/Build\Desktop/ambiance.bank : mode 02010082
[LOG] SystemI::createSound                     : FMOD_NONBLOCKING specified.  Putting into queue to be opened asynchronously!
[LOG] SystemI::createSound                     : setdata soundi = 00000139294B5948 : node = 00000138C378BB30
[LOG] SystemI::createSound                     : add node to async list : head = 0000013995AF0628.  list count = 0
[LOG] AsyncThread::threadFunc                  : Starting Asynchronous operation on sound 00000139294B5948
[LOG] SystemI::createSoundInternal             :     Create name='../FMOD_gamejam/fmod project/game_jam/Build\Desktop/ambiance.bank', mode=0x02010082
[LOG] SystemI::createSoundInternal             :     exinfo->cbsize             = 224
[LOG] SystemI::createSoundInternal             :     exinfo->length             = 3368352
[LOG] SystemI::createSoundInternal             :     exinfo->fileoffset         = 5312
[LOG] SystemI::createSoundInternal             :     exinfo->numsubsounds       = 1
[LOG] SystemI::createSoundInternal             :     exinfo->inclusionlist      = 00000138C378BC40
[LOG] SystemI::createSoundInternal             :     exinfo->inclusionlistnum   = 1
[LOG] SystemI::createSoundInternal             :     exinfo->suggestedsoundtype = 5
[LOG] SystemI::createSoundInternal             :     exinfo->initialseekpostype = 1
[LOG] SystemI::createSoundInternal             :     Stream 0/1: name='wind_ambiance_03', format=5, channels=2, frequency=48000, lengthbytes=517600, lengthpcm=672960, pcmblocksize=0, loopstart=0, loopend=0, mode=0x00000000, channelmask=0x00000000, channelorder=0, peakvolume=0.080688.
[LOG] AsyncThread::threadFunc                  : Finished Asynchronous operation on sound 00000139294B5948
[LOG] SoundI::release                          : fire_ambiance_03 (0000013977B736D8)
[LOG] SoundI::release                          :     fire_ambiance_03 (000001390FB23BC8)
[LOG] SoundI::release                          :     fire_ambiance_03 (0000013977B80818)
[LOG] SystemI::createSound                     : filename = ../FMOD_gamejam/fmod project/game_jam/Build\Desktop/ambiance.bank : mode 02010082
[LOG] SystemI::createSound                     : FMOD_NONBLOCKING specified.  Putting into queue to be opened asynchronously!
[LOG] SystemI::createSound                     : setdata soundi = 00000139294B5CA8 : node = 00000139918A9860
[LOG] SystemI::createSound                     : add node to async list : head = 0000013995AF0628.  list count = 0
[LOG] AsyncThread::threadFunc                  : Starting Asynchronous operation on sound 00000139294B5CA8
[LOG] SystemI::createSoundInternal             :     Create name='../FMOD_gamejam/fmod project/game_jam/Build\Desktop/ambiance.bank', mode=0x02010082
[LOG] SystemI::createSoundInternal             :     exinfo->cbsize             = 224
[LOG] SystemI::createSoundInternal             :     exinfo->length             = 3368352
[LOG] SystemI::createSoundInternal             :     exinfo->fileoffset         = 5312
[LOG] SystemI::createSoundInternal             :     exinfo->numsubsounds       = 1
[LOG] SystemI::createSoundInternal             :     exinfo->inclusionlist      = 00000139918A9970
[LOG] SystemI::createSoundInternal             :     exinfo->inclusionlistnum   = 1
[LOG] SystemI::createSoundInternal             :     exinfo->suggestedsoundtype = 5
[LOG] SystemI::createSoundInternal             :     exinfo->initialseekpostype = 1
[LOG] SystemI::createSoundInternal             :     Stream 0/1: name='wind_ambiance_01', format=5, channels=2, frequency=48000, lengthbytes=520928, lengthpcm=670080, pcmblocksize=0, loopstart=0, loopend=0, mode=0x00000000, channelmask=0x00000000, channelorder=0, peakvolume=0.090149.
[LOG] AsyncThread::threadFunc                  : Finished Asynchronous operation on sound 00000139294B5CA8
[LOG] SystemI::createSound                     : filename = ../FMOD_gamejam/fmod project/game_jam/Build\Desktop/ambiance.bank : mode 02010082
[LOG] SystemI::createSound                     : FMOD_NONBLOCKING specified.  Putting into queue to be opened asynchronously!
[LOG] SystemI::createSound                     : setdata soundi = 00000139294B66C8 : node = 000001392C9827B0
[LOG] SystemI::createSound                     : add node to async list : head = 0000013995AF0628.  list count = 0
[LOG] AsyncThread::threadFunc                  : Starting Asynchronous operation on sound 00000139294B66C8
[LOG] SystemI::createSoundInternal             :     Create name='../FMOD_gamejam/fmod project/game_jam/Build\Desktop/ambiance.bank', mode=0x02010082
[LOG] SystemI::createSoundInternal             :     exinfo->cbsize             = 224
[LOG] SystemI::createSoundInternal             :     exinfo->length             = 3368352
[LOG] SystemI::createSoundInternal             :     exinfo->fileoffset         = 5312
[LOG] SystemI::createSoundInternal             :     exinfo->numsubsounds       = 1
[LOG] SystemI::createSoundInternal             :     exinfo->inclusionlist      = 000001392C9828C0
[LOG] SystemI::createSoundInternal             :     exinfo->inclusionlistnum   = 1
[LOG] SystemI::createSoundInternal             :     exinfo->suggestedsoundtype = 5
[LOG] SystemI::createSoundInternal             :     exinfo->initialseekpostype = 1
[LOG] SystemI::createSoundInternal             :     Stream 0/1: name='fire_ambiance_02', format=5, channels=2, frequency=48000, lengthbytes=598400, lengthpcm=643200, pcmblocksize=0, loopstart=0, loopend=0, mode=0x00000000, channelmask=0x00000000, channelorder=0, peakvolume=0.640381.
[LOG] AsyncThread::threadFunc                  : Finished Asynchronous operation on sound 00000139294B66C8
[LOG] SoundI::release                          : fire_ambiance_02 (00000139294B6BD8)
[LOG] SoundI::release                          :     fire_ambiance_02 (0000013991931138)
[LOG] SoundI::release                          :     fire_ambiance_02 (00000139294B50D8)
[LOG] SoundI::release                          : wind_ambiance_02 (0000013977B78118)
[LOG] SoundI::release                          :     wind_ambiance_02 (000001390FB22D28)
[LOG] SoundI::release                          :     wind_ambiance_02 (0000013977B73D98)
[LOG] SystemI::createSound                     : filename = ../FMOD_gamejam/fmod project/game_jam/Build\Desktop/ambiance.bank : mode 02010082
[LOG] SystemI::createSound                     : FMOD_NONBLOCKING specified.  Putting into queue to be opened asynchronously!
[LOG] SystemI::createSound                     : setdata soundi = 00000139294B9B18 : node = 000001392C9818B0
[LOG] SystemI::createSound                     : add node to async list : head = 0000013995AF0628.  list count = 0
[LOG] AsyncThread::threadFunc                  : Starting Asynchronous operation on sound 00000139294B9B18
[LOG] SystemI::createSoundInternal             :     Create name='../FMOD_gamejam/fmod project/game_jam/Build\Desktop/ambiance.bank', mode=0x02010082
[LOG] SystemI::createSoundInternal             :     exinfo->cbsize             = 224
[LOG] SystemI::createSoundInternal             :     exinfo->length             = 3368352
[LOG] SystemI::createSoundInternal             :     exinfo->fileoffset         = 5312
[LOG] SystemI::createSoundInternal             :     exinfo->numsubsounds       = 1
[LOG] SystemI::createSoundInternal             :     exinfo->inclusionlist      = 000001392C9819C0
[LOG] SystemI::createSoundInternal             :     exinfo->inclusionlistnum   = 1
[LOG] SystemI::createSoundInternal             :     exinfo->suggestedsoundtype = 5
[LOG] SystemI::createSoundInternal             :     exinfo->initialseekpostype = 1
[LOG] SystemI::createSoundInternal             :     Stream 0/1: name='fire_ambiance_01', format=5, channels=2, frequency=48000, lengthbytes=604192, lengthpcm=626880, pcmblocksize=0, loopstart=0, loopend=0, mode=0x00000000, channelmask=0x00000000, channelorder=0, peakvolume=0.422516.
[LOG] AsyncThread::threadFunc                  : Finished Asynchronous operation on sound 00000139294B9B18
[LOG] AsyncThread::threadFunc                  : Starting Asynchronous operation on sound 00000139294B9458
[LOG] AsyncThread::threadFunc                  : Finished Asynchronous operation on sound 00000139294B9458
[LOG] AsyncThread::threadFunc                  : Starting Asynchronous operation on sound 00000139294B8378
[LOG] AsyncThread::threadFunc                  : Finished Asynchronous operation on sound 00000139294B8378
[LOG] AsyncThread::threadFunc                  : Starting Asynchronous operation on sound 00000139294B86D8
[LOG] AsyncThread::threadFunc                  : Finished Asynchronous operation on sound 00000139294B86D8
[LOG] AsyncThread::threadFunc                  : Starting Asynchronous operation on sound 00000139294B77A8
[LOG] AsyncThread::threadFunc                  : Finished Asynchronous operation on sound 00000139294B77A8
[LOG] AsyncThread::threadFunc                  : Starting Asynchronous operation on sound 00000139294BA028
[LOG] AsyncThread::threadFunc                  : Finished Asynchronous operation on sound 00000139294BA028
[LOG] SystemI::createSound                     : filename = ../FMOD_gamejam/fmod project/game_jam/Build\Desktop/ambiance.bank : mode 02010082
[LOG] SystemI::createSound                     : FMOD_NONBLOCKING specified.  Putting into queue to be opened asynchronously!
[LOG] SystemI::createSound                     : setdata soundi = 00000139294BAF58 : node = 00000139918A8320
[LOG] SystemI::createSound                     : add node to async list : head = 0000013995AF0628.  list count = 0
[LOG] AsyncThread::threadFunc                  : Starting Asynchronous operation on sound 00000139294BAF58
[LOG] SystemI::createSoundInternal             :     Create name='../FMOD_gamejam/fmod project/game_jam/Build\Desktop/ambiance.bank', mode=0x02010082
[LOG] SystemI::createSoundInternal             :     exinfo->cbsize             = 224
[LOG] SystemI::createSoundInternal             :     exinfo->length             = 3368352
[LOG] SystemI::createSoundInternal             :     exinfo->fileoffset         = 5312
[LOG] SystemI::createSoundInternal             :     exinfo->numsubsounds       = 1
[LOG] SystemI::createSoundInternal             :     exinfo->inclusionlist      = 00000139918A8430
[LOG] SystemI::createSoundInternal             :     exinfo->inclusionlistnum   = 1
[LOG] SystemI::createSoundInternal             :     exinfo->suggestedsoundtype = 5
[LOG] SystemI::createSoundInternal             :     exinfo->initialseekpostype = 1
[LOG] SystemI::createSoundInternal             :     Stream 0/1: name='wind_ambiance_02', format=5, channels=2, frequency=48000, lengthbytes=518208, lengthpcm=683520, pcmblocksize=0, loopstart=0, loopend=0, mode=0x00000000, channelmask=0x00000000, channelorder=0, peakvolume=0.113556.
[LOG] AsyncThread::threadFunc                  : Finished Asynchronous operation on sound 00000139294BAF58
[LOG] SoundI::release                          : wind_ambiance_03 (00000139294B9608)
[LOG] SoundI::release                          :     wind_ambiance_03 (0000013991931C98)
[LOG] SoundI::release                          :     wind_ambiance_03 (00000139294B9458)
[LOG] AsyncThread::threadFunc                  : Starting Asynchronous operation on sound 00000139294B8888
[LOG] AsyncThread::threadFunc                  : Finished Asynchronous operation on sound 00000139294B8888
[LOG] AsyncThread::threadFunc                  : Starting Asynchronous operation on sound 00000139294B92A8
[LOG] AsyncThread::threadFunc                  : Finished Asynchronous operation on sound 00000139294B92A8
[LOG] AsyncThread::threadFunc                  : Starting Asynchronous operation on sound 00000139294B75F8
[LOG] AsyncThread::threadFunc                  : Finished Asynchronous operation on sound 00000139294B75F8
[LOG] AsyncThread::threadFunc                  : Starting Asynchronous operation on sound 00000139294B55E8
[LOG] AsyncThread::threadFunc                  : Finished Asynchronous operation on sound 00000139294B55E8
[LOG] SystemI::createSound                     : filename = ../FMOD_gamejam/fmod project/game_jam/Build\Desktop/ambiance.bank : mode 02010082
[LOG] SystemI::createSound                     : FMOD_NONBLOCKING specified.  Putting into queue to be opened asynchronously!
[LOG] SystemI::createSound                     : setdata soundi = 00000139294BA388 : node = 00000139918A9720
[LOG] SystemI::createSound                     : add node to async list : head = 0000013995AF0628.  list count = 0
[LOG] AsyncThread::threadFunc                  : Starting Asynchronous operation on sound 00000139294BA388
[LOG] SystemI::createSoundInternal             :     Create name='../FMOD_gamejam/fmod project/game_jam/Build\Desktop/ambiance.bank', mode=0x02010082
[LOG] SystemI::createSoundInternal             :     exinfo->cbsize             = 224
[LOG] SystemI::createSoundInternal             :     exinfo->length             = 3368352
[LOG] SystemI::createSoundInternal             :     exinfo->fileoffset         = 5312
[LOG] SystemI::createSoundInternal             :     exinfo->numsubsounds       = 1
[LOG] SystemI::createSoundInternal             :     exinfo->inclusionlist      = 00000139918A9830
[LOG] SystemI::createSoundInternal             :     exinfo->inclusionlistnum   = 1
[LOG] SystemI::createSoundInternal             :     exinfo->suggestedsoundtype = 5
[LOG] SystemI::createSoundInternal             :     exinfo->initialseekpostype = 1
[LOG] SystemI::createSoundInternal             :     Stream 0/1: name='wind_ambiance_03', format=5, channels=2, frequency=48000, lengthbytes=517600, lengthpcm=672960, pcmblocksize=0, loopstart=0, loopend=0, mode=0x00000000, channelmask=0x00000000, channelorder=0, peakvolume=0.080688.
[LOG] AsyncThread::threadFunc                  : Finished Asynchronous operation on sound 00000139294BA388
[LOG] SoundI::release                          : fire_ambiance_01 (00000139294B6D88)
[LOG] SoundI::release                          :     fire_ambiance_01 (00000139922A7608)
[LOG] SoundI::release                          :     fire_ambiance_01 (00000139294B8888)
[LOG] AsyncThread::threadFunc                  : Starting Asynchronous operation on sound 00000139294B77A8
[LOG] AsyncThread::threadFunc                  : Finished Asynchronous operation on sound 00000139294B77A8
[LOG] AsyncThread::threadFunc                  : Starting Asynchronous operation on sound 00000139294B6878
[LOG] AsyncThread::threadFunc                  : Finished Asynchronous operation on sound 00000139294B6878
[LOG] AsyncThread::threadFunc                  : Starting Asynchronous operation on sound 00000139294B8378
[LOG] AsyncThread::threadFunc                  : Finished Asynchronous operation on sound 00000139294B8378
[LOG] AsyncThread::threadFunc                  : Starting Asynchronous operation on sound 00000139294BA028
[LOG] AsyncThread::threadFunc                  : Finished Asynchronous operation on sound 00000139294BA028
[LOG] AsyncThread::threadFunc                  : Starting Asynchronous operation on sound 00000139294B86D8
[LOG] AsyncThread::threadFunc                  : Finished Asynchronous operation on sound 00000139294B86D8
[LOG] AsyncThread::threadFunc                  : Starting Asynchronous operation on sound 00000139294BA538
[LOG] AsyncThread::threadFunc                  : Finished Asynchronous operation on sound 00000139294BA538
[LOG] SystemI::createSound                     : filename = ../FMOD_gamejam/fmod project/game_jam/Build\Desktop/ambiance.bank : mode 02010082
[LOG] SystemI::createSound                     : FMOD_NONBLOCKING specified.  Putting into queue to be opened asynchronously!
[LOG] SystemI::createSound                     : setdata soundi = 00000139294BB2B8 : node = 00000138C378B8B0
[LOG] SystemI::createSound                     : add node to async list : head = 0000013995AF0628.  list count = 0
[LOG] AsyncThread::threadFunc                  : Starting Asynchronous operation on sound 00000139294BB2B8
[LOG] SystemI::createSoundInternal             :     Create name='../FMOD_gamejam/fmod project/game_jam/Build\Desktop/ambiance.bank', mode=0x02010082
[LOG] SystemI::createSoundInternal             :     exinfo->cbsize             = 224
[LOG] SystemI::createSoundInternal             :     exinfo->length             = 3368352
[LOG] SystemI::createSoundInternal             :     exinfo->fileoffset         = 5312
[LOG] SystemI::createSoundInternal             :     exinfo->numsubsounds       = 1
[LOG] SystemI::createSoundInternal             :     exinfo->inclusionlist      = 00000138C378B9C0
[LOG] SystemI::createSoundInternal             :     exinfo->inclusionlistnum   = 1
[LOG] SystemI::createSoundInternal             :     exinfo->suggestedsoundtype = 5
[LOG] SystemI::createSoundInternal             :     exinfo->initialseekpostype = 1
[LOG] SystemI::createSoundInternal             :     Stream 0/1: name='fire_ambiance_03', format=5, channels=2, frequency=48000, lengthbytes=608000, lengthpcm=635040, pcmblocksize=0, loopstart=0, loopend=0, mode=0x00000000, channelmask=0x00000000, channelorder=0, peakvolume=0.697357.
[LOG] AsyncThread::threadFunc                  : Finished Asynchronous operation on sound 00000139294BB2B8
[LOG] SystemI::createSound                     : filename = ../FMOD_gamejam/fmod project/game_jam/Build\Desktop/ambiance.bank : mode 02010082
[LOG] SystemI::createSound                     : FMOD_NONBLOCKING specified.  Putting into queue to be opened asynchronously!
[LOG] SystemI::createSound                     : setdata soundi = 00000139294B5288 : node = 00000138A33B2D70
[LOG] SystemI::createSound                     : add node to async list : head = 0000013995AF0628.  list count = 0
[LOG] AsyncThread::threadFunc                  : Starting Asynchronous operation on sound 00000139294B5288
[LOG] SystemI::createSoundInternal             :     Create name='../FMOD_gamejam/fmod project/game_jam/Build\Desktop/ambiance.bank', mode=0x02010082
[LOG] SystemI::createSoundInternal             :     exinfo->cbsize             = 224
[LOG] SystemI::createSoundInternal             :     exinfo->length             = 3368352
[LOG] SystemI::createSoundInternal             :     exinfo->fileoffset         = 5312
[LOG] SystemI::createSoundInternal             :     exinfo->numsubsounds       = 1
[LOG] SystemI::createSoundInternal             :     exinfo->inclusionlist      = 00000138A33B2E80
[LOG] SystemI::createSoundInternal             :     exinfo->inclusionlistnum   = 1
[LOG] SystemI::createSoundInternal             :     exinfo->suggestedsoundtype = 5
[LOG] SystemI::createSoundInternal             :     exinfo->initialseekpostype = 1
[LOG] SystemI::createSoundInternal             :     Stream 0/1: name='wind_ambiance_01', format=5, channels=2, frequency=48000, lengthbytes=520928, lengthpcm=670080, pcmblocksize=0, loopstart=0, loopend=0, mode=0x00000000, channelmask=0x00000000, channelorder=0, peakvolume=0.090149.
[LOG] AsyncThread::threadFunc                  : Finished Asynchronous operation on sound 00000139294B5288
[LOG] SoundI::release                          : wind_ambiance_01 (00000139294B8F48)
[LOG] SoundI::release                          :     wind_ambiance_01 (00000139922A7AE8)
[LOG] SoundI::release                          :     wind_ambiance_01 (00000139294B8378)
[LOG] SoundI::release                          : wind_ambiance_02 (00000139294B8528)
[LOG] SoundI::release                          :     wind_ambiance_02 (00000139922A2188)
[LOG] SoundI::release                          :     wind_ambiance_02 (00000139294B86D8)
[LOG] SoundI::release                          : fire_ambiance_03 (00000139294B8018)
[LOG] SoundI::release                          :     fire_ambiance_03 (000001390FB25C48)
[LOG] SoundI::release                          :     fire_ambiance_03 (00000139294B55E8)
[LOG] SystemI::createSound                     : filename = ../FMOD_gamejam/fmod project/game_jam/Build\Desktop/ambiance.bank : mode 02010082
[LOG] SystemI::createSound                     : FMOD_NONBLOCKING specified.  Putting into queue to be opened asynchronously!
[LOG] SystemI::createSound                     : setdata soundi = 00000139294B61B8 : node = 0000013991F7A8B0
[LOG] SystemI::createSound                     : add node to async list : head = 0000013995AF0628.  list count = 0
[LOG] AsyncThread::threadFunc                  : Starting Asynchronous operation on sound 00000139294B61B8
[LOG] SystemI::createSoundInternal             :     Create name='../FMOD_gamejam/fmod project/game_jam/Build\Desktop/ambiance.bank', mode=0x02010082
[LOG] SystemI::createSoundInternal             :     exinfo->cbsize             = 224
[LOG] SystemI::createSoundInternal             :     exinfo->length             = 3368352
[LOG] SystemI::createSoundInternal             :     exinfo->fileoffset         = 5312
[LOG] SystemI::createSoundInternal             :     exinfo->numsubsounds       = 1
[LOG] SystemI::createSoundInternal             :     exinfo->inclusionlist      = 0000013991F7A9C0
[LOG] SystemI::createSoundInternal             :     exinfo->inclusionlistnum   = 1
[LOG] SystemI::createSoundInternal             :     exinfo->suggestedsoundtype = 5
[LOG] SystemI::createSoundInternal             :     exinfo->initialseekpostype = 1
[LOG] SystemI::createSoundInternal             :     Stream 0/1: name='wind_ambiance_02', format=5, channels=2, frequency=48000, lengthbytes=518208, lengthpcm=683520, pcmblocksize=0, loopstart=0, loopend=0, mode=0x00000000, channelmask=0x00000000, channelorder=0, peakvolume=0.113556.
[LOG] AsyncThread::threadFunc                  : Finished Asynchronous operation on sound 00000139294B61B8
[LOG] SoundI::release                          : fire_ambiance_03 (00000139294BB2B8)
[LOG] SoundI::release                          :     fire_ambiance_03 (0000013991931C98)
[LOG] SoundI::release                          :     fire_ambiance_03 (00000139294B4BC8)
[LOG] SoundI::release                          : fire_ambiance_01 (00000139294B9B18)
[LOG] SoundI::release                          :     fire_ambiance_01 (0000013991931138)
[LOG] SoundI::release                          :     fire_ambiance_01 (00000139294B92A8)
[LOG] SoundI::release                          : fire_ambiance_02 (00000139294B66C8)
[LOG] SoundI::release                          :     fire_ambiance_02 (0000013991930AB8)
[LOG] SoundI::release                          :     fire_ambiance_02 (00000139294B75F8)
[LOG] SoundI::release                          : wind_ambiance_02 (00000139294B61B8)
[LOG] SoundI::release                          :     wind_ambiance_02 (00000139922A7AE8)
[LOG] SoundI::release                          :     wind_ambiance_02 (00000139294B8528)
[LOG] SoundI::release                          : wind_ambiance_01 (00000139294B5288)
[LOG] SoundI::release                          :     wind_ambiance_01 (00000139922A7608)
[LOG] SoundI::release                          :     wind_ambiance_01 (00000139294B5798)
[LOG] SoundI::release                          : wind_ambiance_03 (00000139294BA388)
[LOG] SoundI::release                          :     wind_ambiance_03 (000001390FB23BC8)
[LOG] SoundI::release                          :     wind_ambiance_03 (00000139294B6878)
[LOG] SoundI::release                          : wind_ambiance_02 (00000139294BAF58)
[LOG] SoundI::release                          :     wind_ambiance_02 (000001390FB22D28)
[LOG] SoundI::release                          :     wind_ambiance_02 (00000139294BA538)
[LOG] SoundI::release                          : wind_ambiance_01 (00000139294B5CA8)
[LOG] SoundI::release                          :     wind_ambiance_01 (0000013991932318)
[LOG] SoundI::release                          :     wind_ambiance_01 (00000139294BA028)
[LOG] SoundI::release                          : wind_ambiance_03 (00000139294B5948)
[LOG] SoundI::release                          :     wind_ambiance_03 (0000013991932178)
[LOG] SoundI::release                          :     wind_ambiance_03 (00000139294B77A8)
[LOG] Thread::callback                         : FMOD Studio update thread finished.
[LOG] Thread::callback                         : FMOD Studio bank load thread finished.
[LOG] Profile::disconnectAll                   : Profiler disconnecting all clients
[LOG] Thread::callback                         : FMOD Studio sample load thread finished.
[LOG] LiveUpdate::release                      : 
[LOG] LiveUpdate::reset                        : Reset connection (reason Disconnected)
[LOG] Thread::callback                         : FMOD stream thread finished.
[LOG] Thread::callback                         : FMOD mixer thread finished.
[LOG] Profile::disconnectAll                   : Profiler disconnecting all clients
[LOG] SystemI::close                           : Closed.
